C51 COMPILER V9.60.7.0   AUTO_STREET_LIGHT_CONTL                                           11/18/2024 19:42:14 PAGE 1   


C51 COMPILER V9.60.7.0, COMPILATION OF MODULE AUTO_STREET_LIGHT_CONTL
OBJECT MODULE PLACED IN .\Objects\Auto_Street_light_contl.obj
COMPILER INVOKED BY: C:\Keil_v5\C51\BIN\C51.EXE Auto_Street_light_contl.c OPTIMIZE(8,SPEED) BROWSE DEBUG OBJECTEXTEND PR
                    -INT(.\Listings\Auto_Street_light_contl.lst) TABS(2) OBJECT(.\Objects\Auto_Street_light_contl.obj)

line level    source

   1          #include <reg51.h>
   2          sbit sensor1=P1^0;
   3          sbit sensor2=P1^1;
   4          sbit sensor3=P1^2;
   5          //sensors on street
   6          sbit load1=P2^0;
   7          sbit load2=P2^1;
   8          sbit load3=P2^2;
   9          // street light connections
  10          void main()
  11          {
  12   1        load1=load2=load3=0;
  13   1        sensor1=sensor2=sensor3=0;  //optional based on input logic
  14   1        while(1)
  15   1        {
  16   2          if(sensor1==1)
  17   2          {
  18   3            load1=1;        //load on 1st light
  19   3            load2=load3=0;  //street light off
  20   3          }
  21   2          if(sensor2==1)
  22   2          {
  23   3            load2=1;
  24   3            load1=load3=0;
  25   3          }
  26   2          if(sensor3==1)
  27   2          {
  28   3            load3=1;
  29   3            load1=load2=0;
  30   3          }
  31   2        }
  32   1      }


MODULE INFORMATION:   STATIC OVERLAYABLE
   CODE SIZE        =     41    ----
   CONSTANT SIZE    =   ----    ----
   XDATA SIZE       =   ----    ----
   PDATA SIZE       =   ----    ----
   DATA SIZE        =   ----    ----
   IDATA SIZE       =   ----    ----
   BIT SIZE         =   ----    ----
END OF MODULE INFORMATION.


C51 COMPILATION COMPLETE.  0 WARNING(S),  0 ERROR(S)
